c:\users\user\onedrive\바탕 화면\study_c\14. struct\14. struct\x64\debug\vc143.pdb
c:\users\user\onedrive\바탕 화면\study_c\14. struct\14. struct\x64\debug\vc143.idb
c:\users\user\onedrive\바탕 화면\study_c\14. struct\14. struct\x64\debug\struct06.obj
c:\users\user\onedrive\바탕 화면\study_c\14. struct\x64\debug\14. struct.exe
c:\users\user\onedrive\바탕 화면\study_c\14. struct\x64\debug\14. struct.pdb
c:\users\user\onedrive\바탕 화면\study_c\14. struct\14. struct\x64\debug\14. struct.ilk
c:\users\user\onedrive\바탕 화면\study_c\14. struct\14. struct\x64\debug\assignment01.obj
c:\users\user\onedrive\바탕 화면\study_c\14. struct\14. struct\x64\debug\assignment02.obj
c:\users\user\onedrive\바탕 화면\study_c\14. struct\14. struct\x64\debug\assignment03.obj
c:\users\user\onedrive\바탕 화면\study_c\14. struct\14. struct\x64\debug\pointer01.obj
c:\users\user\onedrive\바탕 화면\study_c\14. struct\14. struct\x64\debug\pointer02.obj
c:\users\user\onedrive\바탕 화면\study_c\14. struct\14. struct\x64\debug\pointer03.obj
c:\users\user\onedrive\바탕 화면\study_c\14. struct\14. struct\x64\debug\pointer04.obj
c:\users\user\onedrive\바탕 화면\study_c\14. struct\14. struct\x64\debug\struct01.obj
c:\users\user\onedrive\바탕 화면\study_c\14. struct\14. struct\x64\debug\struct02.obj
c:\users\user\onedrive\바탕 화면\study_c\14. struct\14. struct\x64\debug\struct03.obj
c:\users\user\onedrive\바탕 화면\study_c\14. struct\14. struct\x64\debug\struct04.obj
c:\users\user\onedrive\바탕 화면\study_c\14. struct\14. struct\x64\debug\14. struct.tlog\cl.command.1.tlog
c:\users\user\onedrive\바탕 화면\study_c\14. struct\14. struct\x64\debug\14. struct.tlog\cl.items.tlog
c:\users\user\onedrive\바탕 화면\study_c\14. struct\14. struct\x64\debug\14. struct.tlog\cl.read.1.tlog
c:\users\user\onedrive\바탕 화면\study_c\14. struct\14. struct\x64\debug\14. struct.tlog\cl.write.1.tlog
c:\users\user\onedrive\바탕 화면\study_c\14. struct\14. struct\x64\debug\14. struct.tlog\link.command.1.tlog
c:\users\user\onedrive\바탕 화면\study_c\14. struct\14. struct\x64\debug\14. struct.tlog\link.read.1.tlog
c:\users\user\onedrive\바탕 화면\study_c\14. struct\14. struct\x64\debug\14. struct.tlog\link.secondary.1.tlog
c:\users\user\onedrive\바탕 화면\study_c\14. struct\14. struct\x64\debug\14. struct.tlog\link.write.1.tlog
